#
# A fatal error has been detected by the Java Runtime Environment:
#
#  SIGSEGV (0xb) at pc=0x00007ff7c400a000, pid=18483, tid=140702275213056
#
# JRE version: Java(TM) SE Runtime Environment (8.0_91-b14) (build 1.8.0_91-b14)
# Java VM: Java HotSpot(TM) 64-Bit Server VM (25.91-b14 mixed mode linux-amd64 compressed oops)
# Problematic frame:
# C  0x00007ff7c400a000
#
# Failed to write core dump. Core dumps have been disabled. To enable core dumping, try "ulimit -c unlimited" before starting Java again
#
# If you would like to submit a bug report, please visit:
#   http://bugreport.java.com/bugreport/crash.jsp
#

---------------  T H R E A D  ---------------

Current thread (0x00007ff7c400a000):  JavaThread "main" [_thread_in_Java, id=18484, stack(0x00007ff7cd121000,0x00007ff7cd222000)]

siginfo: si_signo: 11 (SIGSEGV), si_code: 2 (SEGV_ACCERR), si_addr: 0x00007ff7c400a000

Registers:
RAX=0x00007ff7c9561110, RBX=0x00007ff7c9561110, RCX=0x0000000000000410, RDX=0x00000000ec7c7878
RSP=0x00007ff7cd21d3a8, RBP=0x00007ff7cd21d468, RSI=0x00000000ec7c7878, RDI=0x00007ff7c400a000
R8 =0x0000000000000000, R9 =0xfffffffffffffff8, R10=0x00007ff7cc5f40a0, R11=0x00007ff7b59e1440
R12=0x0000000000000000, R13=0x00007ff7cd21d420, R14=0x00007ff7cd21d498, R15=0x00007ff7c400a000
RIP=0x00007ff7c400a000, EFLAGS=0x0000000000010216, CSGSFS=0x0000000000000033, ERR=0x0000000000000015
  TRAPNO=0x000000000000000e

Top of Stack: (sp=0x00007ff7cd21d3a8)
0x00007ff7cd21d3a8:   0000000000000001 00007ff7c400a000
0x00007ff7cd21d3b8:   0000000000000001 00007ff7cd21d440
0x00007ff7cd21d3c8:   00007ff7cbc78a3d 00007ff7cd21d410
0x00007ff7cd21d3d8:   00000000ecaa66d0 00000000c08a6820
0x00007ff7cd21d3e8:   00007ff7b5782fc8 00007ff7c400a000
0x00007ff7cd21d3f8:   0000000000000000 00007ff7cd21d468
0x00007ff7cd21d408:   00007ff7b5007a90 00000000ecaa6778
0x00007ff7cd21d418:   00007ff7b5007a90 00000000ec7c7878
0x00007ff7cd21d428:   00007ff7cd21d428 00007ff7c9560d89
0x00007ff7cd21d438:   00007ff7cd21d498 00007ff7c9564218
0x00007ff7cd21d448:   00007ff7a407eb08 00007ff7c9560e48
0x00007ff7cd21d458:   00007ff7cd21d420 00007ff7cd21d488
0x00007ff7cd21d468:   00007ff7cd21d4e0 00007ff7b5008040
0x00007ff7cd21d478:   0000000000000000 0000000000000000
0x00007ff7cd21d488:   00000000ec7c7878 00000000c0ae4a20
0x00007ff7cd21d498:   00000000c100e590 00007ff7cd21d4a0
0x00007ff7cd21d4a8:   00007ff7c954e648 00007ff7cd21d4f8
0x00007ff7cd21d4b8:   00007ff7c955bc10 0000000000000000
0x00007ff7cd21d4c8:   00007ff7c954e670 00007ff7cd21d488
0x00007ff7cd21d4d8:   00007ff7cd21d4f0 00007ff7cd21d568
0x00007ff7cd21d4e8:   00007ff7b5008040 00000000ec7c7878
0x00007ff7cd21d4f8:   00000000c121d060 0000000000000000
0x00007ff7cd21d508:   00000000ecaa6778 00000000ecaa6778
0x00007ff7cd21d518:   00000000ecaa0858 00000000ecaa10d0
0x00007ff7cd21d528:   00007ff7cd21d528 00007ff7a4a94e9d
0x00007ff7cd21d538:   00007ff7cd21d590 00007ff7a4abac88
0x00007ff7cd21d548:   0000000000000000 00007ff7a4a94ee8
0x00007ff7cd21d558:   00007ff7cd21d4f0 00007ff7cd21d5a0
0x00007ff7cd21d568:   00007ff7cd21db58 00007ff7b547f2dc
0x00007ff7cd21d578:   00000000ec7c7878 00000000ecaa0858
0x00007ff7cd21d588:   00000000c121d060 00000000ecaa1dc0
0x00007ff7cd21d598:   00007ff7b547f2dc 00000000ecaa6720 

Instructions: (pc=0x00007ff7c400a000)
0x00007ff7c4009fe0:   30 00 00 00 00 00 00 00 20 06 9e cc f7 7f 00 00
0x00007ff7c4009ff0:   00 00 00 00 ff ff ff ff 00 00 00 00 00 00 00 00
0x00007ff7c400a000:   30 7f 59 cc f7 7f 00 00 00 00 00 00 00 00 00 00
0x00007ff7c400a010:   00 00 00 00 00 00 00 00 00 00 00 00 00 00 00 00 

Register to memory mapping:

RAX={method} {0x00007ff7c9561110} 'isAbsolutePath' '(Ljava/lang/String;)Z' in 'org/apache/tools/ant/util/FileUtils'
RBX={method} {0x00007ff7c9561110} 'isAbsolutePath' '(Ljava/lang/String;)Z' in 'org/apache/tools/ant/util/FileUtils'
RCX=0x0000000000000410 is an unknown value
RDX=0x00000000ec7c7878 is an oop
java.lang.String 
 - klass: 'java/lang/String'
RSP=0x00007ff7cd21d3a8 is pointing into the stack for thread: 0x00007ff7c400a000
RBP=0x00007ff7cd21d468 is pointing into the stack for thread: 0x00007ff7c400a000
RSI=0x00000000ec7c7878 is an oop
java.lang.String 
 - klass: 'java/lang/String'
RDI=0x00007ff7c400a000 is a thread
R8 =0x0000000000000000 is an unknown value
R9 =0xfffffffffffffff8 is an unknown value
R10=0x00007ff7cc5f40a0: <offset 0xfb90a0> in /usr/lib/jvm/java-8-oracle/jre/lib/amd64/server/libjvm.so at 0x00007ff7cb63b000
R11=0x00007ff7b59e1440 is at entry_point+0 in (nmethod*)0x00007ff7b59e1290
R12=0x0000000000000000 is an unknown value
R13=0x00007ff7cd21d420 is pointing into the stack for thread: 0x00007ff7c400a000
R14=0x00007ff7cd21d498 is pointing into the stack for thread: 0x00007ff7c400a000
R15=0x00007ff7c400a000 is a thread


Stack: [0x00007ff7cd121000,0x00007ff7cd222000],  sp=0x00007ff7cd21d3a8,  free space=1008k
Native frames: (J=compiled Java code, j=interpreted, Vv=VM code, C=native code)
C  0x00007ff7c400a000
j  org.apache.tools.ant.Project.resolveFile(Ljava/lang/String;)Ljava/io/File;+8
j  org.apache.tools.ant.IntrospectionHelper$7.set(Lorg/apache/tools/ant/Project;Ljava/lang/Object;Ljava/lang/String;)V+13
J 1383 C1 org.apache.tools.ant.IntrospectionHelper$AttributeSetter.setObject(Lorg/apache/tools/ant/Project;Ljava/lang/Object;Ljava/lang/Object;)V (133 bytes) @ 0x00007ff7b547f2dc [0x00007ff7b547db80+0x175c]
J 1158 C1 org.apache.tools.ant.IntrospectionHelper.setAttribute(Lorg/apache/tools/ant/Project;Ljava/lang/Object;Ljava/lang/String;Ljava/lang/Object;)V (244 bytes) @ 0x00007ff7b53fec9c [0x00007ff7b53fe8a0+0x3fc]
J 1964 C1 org.apache.tools.ant.RuntimeConfigurable.maybeConfigure(Lorg/apache/tools/ant/Project;Z)V (359 bytes) @ 0x00007ff7b562b7ec [0x00007ff7b562b000+0x7ec]
J 1990 C1 org.apache.tools.ant.Task.maybeConfigure()V (34 bytes) @ 0x00007ff7b564520c [0x00007ff7b5645180+0x8c]
J 2032 C1 org.apache.tools.ant.UnknownElement.configure(Ljava/lang/Object;)V (104 bytes) @ 0x00007ff7b566eb54 [0x00007ff7b566e720+0x434]
J 2033 C1 org.apache.tools.ant.UnknownElement.maybeConfigure()V (22 bytes) @ 0x00007ff7b566e35c [0x00007ff7b566e2c0+0x9c]
j  org.apache.tools.ant.Task.perform()V+18
j  org.apache.tools.ant.Target.execute()V+155
j  org.apache.tools.ant.Target.performTasks()V+11
j  org.apache.tools.ant.Project.executeSortedTargets(Ljava/util/Vector;)V+145
j  org.apache.tools.ant.helper.SingleCheckExecutor.executeTargets(Lorg/apache/tools/ant/Project;[Ljava/lang/String;)V+11
j  org.apache.tools.ant.Project.executeTargets(Ljava/util/Vector;)V+29
j  org.apache.tools.ant.taskdefs.Ant.execute()V+684
j  org.apache.tools.ant.UnknownElement.execute()V+58
j  sun.reflect.GeneratedMethodAccessor26.invoke(Ljava/lang/Object;[Ljava/lang/Object;)Ljava/lang/Object;+36
J 1148 C1 sun.reflect.DelegatingMethodAccessorImpl.invoke(Ljava/lang/Object;[Ljava/lang/Object;)Ljava/lang/Object; (10 bytes) @ 0x00007ff7b53f8d04 [0x00007ff7b53f8c00+0x104]
J 1147 C1 java.lang.reflect.Method.invoke(Ljava/lang/Object;[Ljava/lang/Object;)Ljava/lang/Object; (62 bytes) @ 0x00007ff7b53f83cc [0x00007ff7b53f7fe0+0x3ec]
j  org.apache.tools.ant.dispatch.DispatchUtils.execute(Ljava/lang/Object;)V+518
j  org.apache.tools.ant.Task.perform()V+22
j  org.apache.tools.ant.taskdefs.Sequential.execute()V+40
j  net.sf.antcontrib.logic.IfTask.execute()V+151
v  ~StubRoutines::call_stub
V  [libjvm.so+0x68dbc6]  JavaCalls::call_helper(JavaValue*, methodHandle*, JavaCallArguments*, Thread*)+0x1056
V  [libjvm.so+0x994487]  Reflection::invoke(instanceKlassHandle, methodHandle, Handle, bool, objArrayHandle, BasicType, objArrayHandle, bool, Thread*)+0x5d7
V  [libjvm.so+0x997b97]  Reflection::invoke_method(oopDesc*, Handle, objArrayHandle, Thread*)+0x147
V  [libjvm.so+0x71c7db]  JVM_InvokeMethod+0x26b
j  sun.reflect.NativeMethodAccessorImpl.invoke0(Ljava/lang/reflect/Method;Ljava/lang/Object;[Ljava/lang/Object;)Ljava/lang/Object;+0
j  sun.reflect.NativeMethodAccessorImpl.invoke(Ljava/lang/Object;[Ljava/lang/Object;)Ljava/lang/Object;+100
J 1148 C1 sun.reflect.DelegatingMethodAccessorImpl.invoke(Ljava/lang/Object;[Ljava/lang/Object;)Ljava/lang/Object; (10 bytes) @ 0x00007ff7b53f8d04 [0x00007ff7b53f8c00+0x104]
J 1147 C1 java.lang.reflect.Method.invoke(Ljava/lang/Object;[Ljava/lang/Object;)Ljava/lang/Object; (62 bytes) @ 0x00007ff7b53f83cc [0x00007ff7b53f7fe0+0x3ec]
j  org.apache.tools.ant.dispatch.DispatchUtils.execute(Ljava/lang/Object;)V+518
j  org.apache.tools.ant.TaskAdapter.execute()V+228
j  org.apache.tools.ant.UnknownElement.execute()V+58
j  sun.reflect.GeneratedMethodAccessor26.invoke(Ljava/lang/Object;[Ljava/lang/Object;)Ljava/lang/Object;+36
J 1148 C1 sun.reflect.DelegatingMethodAccessorImpl.invoke(Ljava/lang/Object;[Ljava/lang/Object;)Ljava/lang/Object; (10 bytes) @ 0x00007ff7b53f8d04 [0x00007ff7b53f8c00+0x104]
J 1147 C1 java.lang.reflect.Method.invoke(Ljava/lang/Object;[Ljava/lang/Object;)Ljava/lang/Object; (62 bytes) @ 0x00007ff7b53f83cc [0x00007ff7b53f7fe0+0x3ec]
j  org.apache.tools.ant.dispatch.DispatchUtils.execute(Ljava/lang/Object;)V+518
j  org.apache.tools.ant.Task.perform()V+22
j  org.apache.tools.ant.Target.execute()V+155
j  org.apache.tools.ant.Target.performTasks()V+11
j  org.apache.tools.ant.Project.executeSortedTargets(Ljava/util/Vector;)V+145
j  org.apache.tools.ant.Project.executeTarget(Ljava/lang/String;)V+27
j  org.apache.tools.ant.helper.DefaultExecutor.executeTargets(Lorg/apache/tools/ant/Project;[Ljava/lang/String;)V+17
j  org.apache.tools.ant.Project.executeTargets(Ljava/util/Vector;)V+29
j  com.sencha.ant.AntScript.execute([Ljava/lang/String;)Lcom/sencha/ant/AntScript;+56
j  com.sencha.command.plugin.PluginManager.execute(Lcom/sencha/command/plugin/PluginManager$Direction;Lcom/sencha/command/plugin/PluginManager$Which;[Ljava/lang/String;)Lcom/sencha/command/plugin/PluginManager;+169
j  com.sencha.command.plugin.PluginManager.executeReverseFirst([Ljava/lang/String;)Lcom/sencha/command/plugin/PluginManager;+8
j  com.sencha.command.environment.BuildEnvironment.execute(Ljava/lang/String;Ljava/util/Map;Lcom/sencha/util/Configuration;)V+81
j  com.sencha.command.environment.AppOrPackageEnvironment.execute(Ljava/lang/String;Ljava/util/Map;Lcom/sencha/util/Configuration;)V+9
j  com.sencha.command.BasePluginCommands$BasePluginCommand.doExecute(Ljava/lang/String;)V+78
j  com.sencha.command.app.AppCommands$BuildCommand.execute([Ljava/lang/String;)V+376
v  ~StubRoutines::call_stub
V  [libjvm.so+0x68dbc6]  JavaCalls::call_helper(JavaValue*, methodHandle*, JavaCallArguments*, Thread*)+0x1056
V  [libjvm.so+0x994487]  Reflection::invoke(instanceKlassHandle, methodHandle, Handle, bool, objArrayHandle, BasicType, objArrayHandle, bool, Thread*)+0x5d7
V  [libjvm.so+0x997b97]  Reflection::invoke_method(oopDesc*, Handle, objArrayHandle, Thread*)+0x147
V  [libjvm.so+0x71c7db]  JVM_InvokeMethod+0x26b
j  sun.reflect.NativeMethodAccessorImpl.invoke0(Ljava/lang/reflect/Method;Ljava/lang/Object;[Ljava/lang/Object;)Ljava/lang/Object;+0
j  sun.reflect.NativeMethodAccessorImpl.invoke(Ljava/lang/Object;[Ljava/lang/Object;)Ljava/lang/Object;+100
J 1148 C1 sun.reflect.DelegatingMethodAccessorImpl.invoke(Ljava/lang/Object;[Ljava/lang/Object;)Ljava/lang/Object; (10 bytes) @ 0x00007ff7b53f8d04 [0x00007ff7b53f8c00+0x104]
J 1147 C1 java.lang.reflect.Method.invoke(Ljava/lang/Object;[Ljava/lang/Object;)Ljava/lang/Object; (62 bytes) @ 0x00007ff7b53f83cc [0x00007ff7b53f7fe0+0x3ec]
j  com.sencha.util.MethodInvoker$Arguments.invoke()Ljava/lang/Object;+15
j  com.sencha.cli.Command.dispatch(Lcom/sencha/cli/Arguments;)V+25
j  com.sencha.command.BasePluginCommands$BasePluginCommand.dispatch(Lcom/sencha/cli/Arguments;)V+56
j  com.sencha.cli.Commands.dispatch(Lcom/sencha/cli/Arguments;)V+66
j  com.sencha.cli.Commands.dispatch(Lcom/sencha/cli/Arguments;)V+66
j  com.sencha.command.Sencha.dispatch(Lcom/sencha/cli/Arguments;)V+6
j  com.sencha.command.Sencha.main([Ljava/lang/String;)V+306
v  ~StubRoutines::call_stub
V  [libjvm.so+0x68dbc6]  JavaCalls::call_helper(JavaValue*, methodHandle*, JavaCallArguments*, Thread*)+0x1056
V  [libjvm.so+0x994487]  Reflection::invoke(instanceKlassHandle, methodHandle, Handle, bool, objArrayHandle, BasicType, objArrayHandle, bool, Thread*)+0x5d7
V  [libjvm.so+0x997b97]  Reflection::invoke_method(oopDesc*, Handle, objArrayHandle, Thread*)+0x147
V  [libjvm.so+0x71c7db]  JVM_InvokeMethod+0x26b
j  sun.reflect.NativeMethodAccessorImpl.invoke0(Ljava/lang/reflect/Method;Ljava/lang/Object;[Ljava/lang/Object;)Ljava/lang/Object;+0
j  sun.reflect.NativeMethodAccessorImpl.invoke(Ljava/lang/Object;[Ljava/lang/Object;)Ljava/lang/Object;+100
j  sun.reflect.DelegatingMethodAccessorImpl.invoke(Ljava/lang/Object;[Ljava/lang/Object;)Ljava/lang/Object;+6
j  java.lang.reflect.Method.invoke(Ljava/lang/Object;[Ljava/lang/Object;)Ljava/lang/Object;+56
j  com.exe4j.runtime.LauncherEngine.launch(Ljava/lang/String;[Ljava/lang/String;Ljava/lang/String;Ljava/lang/String;ZZLjava/lang/ClassLoader;)V+186
j  com.install4j.runtime.launcher.UnixLauncher.main([Ljava/lang/String;)V+171
v  ~StubRoutines::call_stub
V  [libjvm.so+0x68dbc6]  JavaCalls::call_helper(JavaValue*, methodHandle*, JavaCallArguments*, Thread*)+0x1056
V  [libjvm.so+0x6cf232]  jni_invoke_static(JNIEnv_*, JavaValue*, _jobject*, JNICallType, _jmethodID*, JNI_ArgumentPusher*, Thread*)+0x362
V  [libjvm.so+0x6eba9a]  jni_CallStaticVoidMethod+0x17a
C  [libjli.so+0x7bcc]  JavaMain+0x80c
C  [libpthread.so.0+0x76fa]  start_thread+0xca


---------------  P R O C E S S  ---------------

Java Threads: ( => current thread )
  0x00007ff7c4595800 JavaThread "Thread-6" daemon [_thread_blocked, id=18509, stack(0x00007ff7a4212000,0x00007ff7a4313000)]
  0x00007ff7c4593000 JavaThread "Thread-5" daemon [_thread_blocked, id=18508, stack(0x00007ff7a4313000,0x00007ff7a4414000)]
  0x00007ff7c453c000 JavaThread "Thread-4" daemon [_thread_blocked, id=18503, stack(0x00007ff7a4414000,0x00007ff7a4515000)]
  0x00007ff7c4575800 JavaThread "Thread-3" daemon [_thread_blocked, id=18499, stack(0x00007ff7a4b15000,0x00007ff7a4c16000)]
  0x00007ff7c43f3000 JavaThread "Timer-0" daemon [_thread_blocked, id=18498, stack(0x00007ff7a5540000,0x00007ff7a5641000)]
  0x00007ff7c40c1000 JavaThread "Service Thread" daemon [_thread_blocked, id=18496, stack(0x00007ff7b42f3000,0x00007ff7b43f4000)]
  0x00007ff7c40be000 JavaThread "C1 CompilerThread2" daemon [_thread_in_native, id=18495, stack(0x00007ff7b43f4000,0x00007ff7b44f5000)]
  0x00007ff7c40bc800 JavaThread "C2 CompilerThread1" daemon [_thread_in_native, id=18494, stack(0x00007ff7b44f5000,0x00007ff7b45f6000)]
  0x00007ff7c40b9800 JavaThread "C2 CompilerThread0" daemon [_thread_in_vm, id=18493, stack(0x00007ff7b45f6000,0x00007ff7b46f7000)]
  0x00007ff7c40b8000 JavaThread "Signal Dispatcher" daemon [_thread_blocked, id=18492, stack(0x00007ff7b46f7000,0x00007ff7b47f8000)]
  0x00007ff7c4084000 JavaThread "Finalizer" daemon [_thread_blocked, id=18491, stack(0x00007ff7b47f8000,0x00007ff7b48f9000)]
  0x00007ff7c407f800 JavaThread "Reference Handler" daemon [_thread_blocked, id=18490, stack(0x00007ff7b48f9000,0x00007ff7b49fa000)]
=>0x00007ff7c400a000 JavaThread "main" [_thread_in_Java, id=18484, stack(0x00007ff7cd121000,0x00007ff7cd222000)]

Other Threads:
  0x00007ff7c4078000 VMThread [stack: 0x00007ff7b49fa000,0x00007ff7b4afb000] [id=18489]
  0x00007ff7c40c4000 WatcherThread [stack: 0x00007ff7b41f2000,0x00007ff7b42f3000] [id=18497]

VM state:not at safepoint (normal execution)

VM Mutex/Monitor currently owned by a thread: None

Heap:
 PSYoungGen      total 138240K, used 34283K [0x00000000eab00000, 0x00000000f3700000, 0x0000000100000000)
  eden space 133120K, 25% used [0x00000000eab00000,0x00000000ecc7ac70,0x00000000f2d00000)
  from space 5120K, 0% used [0x00000000f3200000,0x00000000f3200000,0x00000000f3700000)
  to   space 5120K, 0% used [0x00000000f2d00000,0x00000000f2d00000,0x00000000f3200000)
 ParOldGen       total 87552K, used 19554K [0x00000000c0000000, 0x00000000c5580000, 0x00000000eab00000)
  object space 87552K, 22% used [0x00000000c0000000,0x00000000c13188f8,0x00000000c5580000)
 Metaspace       used 22231K, capacity 23098K, committed 23296K, reserved 1069056K
  class space    used 2658K, capacity 3026K, committed 3072K, reserved 1048576K

Card table byte_map: [0x00007ff7c9cd3000,0x00007ff7c9ed4000] byte_map_base: 0x00007ff7c96d3000

Marking Bits: (ParMarkBitMap*) 0x00007ff7cc5f1d60
 Begin Bits: [0x00007ff7a6000000, 0x00007ff7a7000000)
 End Bits:   [0x00007ff7a7000000, 0x00007ff7a8000000)

Polling page: 0x00007ff7cd240000

CodeCache: size=245760Kb used=10117Kb max_used=10130Kb free=235642Kb
 bounds [0x00007ff7b5000000, 0x00007ff7b59f0000, 0x00007ff7c4000000]
 total_blobs=3634 nmethods=3193 adapters=353
 compilation: enabled

Compilation events (10 events):
Event: 3,875 Thread 0x00007ff7c40be000 nmethod 3180 0x00007ff7b59e3750 code [0x00007ff7b59e38c0, 0x00007ff7b59e3b48]
Event: 3,875 Thread 0x00007ff7c40be000 3206       1       org.mozilla.javascript.ast.InfixExpression::getRight (5 bytes)
Event: 3,875 Thread 0x00007ff7c40be000 nmethod 3206 0x00007ff7b59c0250 code [0x00007ff7b59c03a0, 0x00007ff7b59c04b0]
Event: 3,876 Thread 0x00007ff7c40be000 3213   !   3       java.io.PrintStream::flush (35 bytes)
Event: 3,876 Thread 0x00007ff7c40be000 nmethod 3213 0x00007ff7b59e7190 code [0x00007ff7b59e7340, 0x00007ff7b59e78b8]
Event: 3,876 Thread 0x00007ff7c40be000 3214       1       org.apache.tools.ant.BuildEvent::getTask (5 bytes)
Event: 3,876 Thread 0x00007ff7c40be000 nmethod 3214 0x00007ff7b59d4090 code [0x00007ff7b59d41e0, 0x00007ff7b59d42f0]
Event: 3,876 Thread 0x00007ff7c40b9800 nmethod 3201 0x00007ff7b59e7b90 code [0x00007ff7b59e7d60, 0x00007ff7b59e8658]
Event: 3,876 Thread 0x00007ff7c40b9800 3196       4       org.mozilla.javascript.BaseFunction::findInstanceIdInfo (219 bytes)
Event: 3,878 Thread 0x00007ff7c40be000 3215   !   3       org.apache.tools.ant.IntrospectionHelper::createAttributeSetter (583 bytes)

GC Heap History (10 events):
Event: 1,084 GC heap before
{Heap before GC invocations=1 (full 0):
 PSYoungGen      total 38400K, used 33249K [0x00000000eab00000, 0x00000000ed580000, 0x0000000100000000)
  eden space 33280K, 99% used [0x00000000eab00000,0x00000000ecb78418,0x00000000ecb80000)
  from space 5120K, 0% used [0x00000000ed080000,0x00000000ed080000,0x00000000ed580000)
  to   space 5120K, 0% used [0x00000000ecb80000,0x00000000ecb80000,0x00000000ed080000)
 ParOldGen       total 87552K, used 0K [0x00000000c0000000, 0x00000000c5580000, 0x00000000eab00000)
  object space 87552K, 0% used [0x00000000c0000000,0x00000000c0000000,0x00000000c5580000)
 Metaspace       used 11130K, capacity 11230K, committed 11392K, reserved 1058816K
  class space    used 1295K, capacity 1343K, committed 1408K, reserved 1048576K
Event: 1,096 GC heap after
Heap after GC invocations=1 (full 0):
 PSYoungGen      total 38400K, used 5088K [0x00000000eab00000, 0x00000000ef600000, 0x0000000100000000)
  eden space 33280K, 0% used [0x00000000eab00000,0x00000000eab00000,0x00000000ecb80000)
  from space 5120K, 99% used [0x00000000ecb80000,0x00000000ed0782a0,0x00000000ed080000)
  to   space 5120K, 0% used [0x00000000ef100000,0x00000000ef100000,0x00000000ef600000)
 ParOldGen       total 87552K, used 2599K [0x00000000c0000000, 0x00000000c5580000, 0x00000000eab00000)
  object space 87552K, 2% used [0x00000000c0000000,0x00000000c0289e18,0x00000000c5580000)
 Metaspace       used 11130K, capacity 11230K, committed 11392K, reserved 1058816K
  class space    used 1295K, capacity 1343K, committed 1408K, reserved 1048576K
}
Event: 1,868 GC heap before
{Heap before GC invocations=2 (full 0):
 PSYoungGen      total 38400K, used 38368K [0x00000000eab00000, 0x00000000ef600000, 0x0000000100000000)
  eden space 33280K, 100% used [0x00000000eab00000,0x00000000ecb80000,0x00000000ecb80000)
  from space 5120K, 99% used [0x00000000ecb80000,0x00000000ed0782a0,0x00000000ed080000)
  to   space 5120K, 0% used [0x00000000ef100000,0x00000000ef100000,0x00000000ef600000)
 ParOldGen       total 87552K, used 2599K [0x00000000c0000000, 0x00000000c5580000, 0x00000000eab00000)
  object space 87552K, 2% used [0x00000000c0000000,0x00000000c0289e18,0x00000000c5580000)
 Metaspace       used 15738K, capacity 16030K, committed 16256K, reserved 1062912K
  class space    used 1821K, capacity 1919K, committed 1920K, reserved 1048576K
Event: 1,884 GC heap after
Heap after GC invocations=2 (full 0):
 PSYoungGen      total 71680K, used 5088K [0x00000000eab00000, 0x00000000ef600000, 0x0000000100000000)
  eden space 66560K, 0% used [0x00000000eab00000,0x00000000eab00000,0x00000000eec00000)
  from space 5120K, 99% used [0x00000000ef100000,0x00000000ef5f8040,0x00000000ef600000)
  to   space 5120K, 0% used [0x00000000eec00000,0x00000000eec00000,0x00000000ef100000)
 ParOldGen       total 87552K, used 6594K [0x00000000c0000000, 0x00000000c5580000, 0x00000000eab00000)
  object space 87552K, 7% used [0x00000000c0000000,0x00000000c0670b88,0x00000000c5580000)
 Metaspace       used 15738K, capacity 16030K, committed 16256K, reserved 1062912K
  class space    used 1821K, capacity 1919K, committed 1920K, reserved 1048576K
}
Event: 2,591 GC heap before
{Heap before GC invocations=3 (full 0):
 PSYoungGen      total 71680K, used 71648K [0x00000000eab00000, 0x00000000ef600000, 0x0000000100000000)
  eden space 66560K, 100% used [0x00000000eab00000,0x00000000eec00000,0x00000000eec00000)
  from space 5120K, 99% used [0x00000000ef100000,0x00000000ef5f8040,0x00000000ef600000)
  to   space 5120K, 0% used [0x00000000eec00000,0x00000000eec00000,0x00000000ef100000)
 ParOldGen       total 87552K, used 6594K [0x00000000c0000000, 0x00000000c5580000, 0x00000000eab00000)
  object space 87552K, 7% used [0x00000000c0000000,0x00000000c0670b88,0x00000000c5580000)
 Metaspace       used 16094K, capacity 16370K, committed 16640K, reserved 1064960K
  class space    used 1837K, capacity 1933K, committed 2048K, reserved 1048576K
Event: 2,608 GC heap after
Heap after GC invocations=3 (full 0):
 PSYoungGen      total 71680K, used 5116K [0x00000000eab00000, 0x00000000f3700000, 0x0000000100000000)
  eden space 66560K, 0% used [0x00000000eab00000,0x00000000eab00000,0x00000000eec00000)
  from space 5120K, 99% used [0x00000000eec00000,0x00000000ef0ff2a0,0x00000000ef100000)
  to   space 5120K, 0% used [0x00000000f3200000,0x00000000f3200000,0x00000000f3700000)
 ParOldGen       total 87552K, used 13053K [0x00000000c0000000, 0x00000000c5580000, 0x00000000eab00000)
  object space 87552K, 14% used [0x00000000c0000000,0x00000000c0cbf7b8,0x00000000c5580000)
 Metaspace       used 16094K, capacity 16370K, committed 16640K, reserved 1064960K
  class space    used 1837K, capacity 1933K, committed 2048K, reserved 1048576K
}
Event: 3,364 GC heap before
{Heap before GC invocations=4 (full 0):
 PSYoungGen      total 71680K, used 34615K [0x00000000eab00000, 0x00000000f3700000, 0x0000000100000000)
  eden space 66560K, 44% used [0x00000000eab00000,0x00000000ec7ceab8,0x00000000eec00000)
  from space 5120K, 99% used [0x00000000eec00000,0x00000000ef0ff2a0,0x00000000ef100000)
  to   space 5120K, 0% used [0x00000000f3200000,0x00000000f3200000,0x00000000f3700000)
 ParOldGen       total 87552K, used 13053K [0x00000000c0000000, 0x00000000c5580000, 0x00000000eab00000)
  object space 87552K, 14% used [0x00000000c0000000,0x00000000c0cbf7b8,0x00000000c5580000)
 Metaspace       used 20535K, capacity 21132K, committed 21248K, reserved 1067008K
  class space    used 2442K, capacity 2710K, committed 2816K, reserved 1048576K
Event: 3,381 GC heap after
Heap after GC invocations=4 (full 0):
 PSYoungGen      total 138240K, used 5088K [0x00000000eab00000, 0x00000000f3700000, 0x0000000100000000)
  eden space 133120K, 0% used [0x00000000eab00000,0x00000000eab00000,0x00000000f2d00000)
  from space 5120K, 99% used [0x00000000f3200000,0x00000000f36f8060,0x00000000f3700000)
  to   space 5120K, 0% used [0x00000000f2d00000,0x00000000f2d00000,0x00000000f3200000)
 ParOldGen       total 87552K, used 19127K [0x00000000c0000000, 0x00000000c5580000, 0x00000000eab00000)
  object space 87552K, 21% used [0x00000000c0000000,0x00000000c12ade18,0x00000000c5580000)
 Metaspace       used 20535K, capacity 21132K, committed 21248K, reserved 1067008K
  class space    used 2442K, capacity 2710K, committed 2816K, reserved 1048576K
}
Event: 3,381 GC heap before
{Heap before GC invocations=5 (full 1):
 PSYoungGen      total 138240K, used 5088K [0x00000000eab00000, 0x00000000f3700000, 0x0000000100000000)
  eden space 133120K, 0% used [0x00000000eab00000,0x00000000eab00000,0x00000000f2d00000)
  from space 5120K, 99% used [0x00000000f3200000,0x00000000f36f8060,0x00000000f3700000)
  to   space 5120K, 0% used [0x00000000f2d00000,0x00000000f2d00000,0x00000000f3200000)
 ParOldGen       total 87552K, used 19127K [0x00000000c0000000, 0x00000000c5580000, 0x00000000eab00000)
  object space 87552K, 21% used [0x00000000c0000000,0x00000000c12ade18,0x00000000c5580000)
 Metaspace       used 20535K, capacity 21132K, committed 21248K, reserved 1067008K
  class space    used 2442K, capacity 2710K, committed 2816K, reserved 1048576K
Event: 3,454 GC heap after
Heap after GC invocations=5 (full 1):
 PSYoungGen      total 138240K, used 0K [0x00000000eab00000, 0x00000000f3700000, 0x0000000100000000)
  eden space 133120K, 0% used [0x00000000eab00000,0x00000000eab00000,0x00000000f2d00000)
  from space 5120K, 0% used [0x00000000f3200000,0x00000000f3200000,0x00000000f3700000)
  to   space 5120K, 0% used [0x00000000f2d00000,0x00000000f2d00000,0x00000000f3200000)
 ParOldGen       total 87552K, used 19554K [0x00000000c0000000, 0x00000000c5580000, 0x00000000eab00000)
  object space 87552K, 22% used [0x00000000c0000000,0x00000000c13188f8,0x00000000c5580000)
 Metaspace       used 20535K, capacity 21132K, committed 21248K, reserved 1067008K
  class space    used 2442K, capacity 2710K, committed 2816K, reserved 1048576K
}

Deoptimization events (10 events):
Event: 3,779 Thread 0x00007ff7c400a000 Uncommon trap: reason=bimorphic action=maybe_recompile pc=0x00007ff7b53abae0 method=java.util.Hashtable.get(Ljava/lang/Object;)Ljava/lang/Object; @ 6
Event: 3,779 Thread 0x00007ff7c400a000 Uncommon trap: reason=bimorphic action=maybe_recompile pc=0x00007ff7b53abae0 method=java.util.Hashtable.get(Ljava/lang/Object;)Ljava/lang/Object; @ 6
Event: 3,847 Thread 0x00007ff7c4575800 Uncommon trap: reason=unstable_if action=reinterpret pc=0x00007ff7b5931390 method=java.util.concurrent.ConcurrentHashMap.putVal(Ljava/lang/Object;Ljava/lang/Object;Z)Ljava/lang/Object; @ 113
Event: 3,853 Thread 0x00007ff7c400a000 Uncommon trap: reason=unstable_if action=reinterpret pc=0x00007ff7b5415720 method=sun.net.www.ParseUtil.encodePath(Ljava/lang/String;Z)Ljava/lang/String; @ 109
Event: 3,854 Thread 0x00007ff7c400a000 Uncommon trap: reason=unstable_if action=reinterpret pc=0x00007ff7b59128f8 method=java.util.Arrays.equals([Ljava/lang/Object;[Ljava/lang/Object;)Z @ 65
Event: 3,854 Thread 0x00007ff7c400a000 Uncommon trap: reason=bimorphic action=maybe_recompile pc=0x00007ff7b536a734 method=java.util.HashMap.putVal(ILjava/lang/Object;Ljava/lang/Object;ZZ)Ljava/lang/Object; @ 203
Event: 3,854 Thread 0x00007ff7c400a000 Uncommon trap: reason=bimorphic action=maybe_recompile pc=0x00007ff7b536a734 method=java.util.HashMap.putVal(ILjava/lang/Object;Ljava/lang/Object;ZZ)Ljava/lang/Object; @ 203
Event: 3,854 Thread 0x00007ff7c400a000 Uncommon trap: reason=bimorphic action=maybe_recompile pc=0x00007ff7b536cfb4 method=java.util.HashMap.putVal(ILjava/lang/Object;Ljava/lang/Object;ZZ)Ljava/lang/Object; @ 203
Event: 3,855 Thread 0x00007ff7c400a000 Uncommon trap: reason=unstable_if action=reinterpret pc=0x00007ff7b5515144 method=java.lang.reflect.Method.isDefault()Z @ 19
Event: 3,874 Thread 0x00007ff7c400a000 Uncommon trap: reason=unstable_if action=reinterpret pc=0x00007ff7b572d2d8 method=org.mozilla.javascript.ScriptableObject.putImpl(Ljava/lang/String;ILorg/mozilla/javascript/Scriptable;Ljava/lang/Object;)Z @ 2

Internal exceptions (10 events):
Event: 1,670 Thread 0x00007ff7c400a000 Exception <a 'java/lang/ClassNotFoundException': com/sencha/command/BasePluginCommands$BaseNameCommandCustomizer> (0x00000000ec55c990) thrown at [/HUDSON/workspace/8-2-build-linux-amd64/jdk8u91/6644/hotspot/src/share/vm/classfile/systemDictionary.cpp, lin
Event: 1,671 Thread 0x00007ff7c400a000 Exception <a 'java/lang/ClassNotFoundException': com/sencha/command/BasePluginCommands$BaseNamePathCommandCustomizer> (0x00000000ec571170) thrown at [/HUDSON/workspace/8-2-build-linux-amd64/jdk8u91/6644/hotspot/src/share/vm/classfile/systemDictionary.cpp,
Event: 1,672 Thread 0x00007ff7c400a000 Exception <a 'java/lang/ClassNotFoundException': com/sencha/command/app/AppCommands$BaseLocalCommandCustomizer> (0x00000000ec5845e8) thrown at [/HUDSON/workspace/8-2-build-linux-amd64/jdk8u91/6644/hotspot/src/share/vm/classfile/systemDictionary.cpp, line 
Event: 1,673 Thread 0x00007ff7c400a000 Exception <a 'java/lang/ClassNotFoundException': com/sencha/command/app/AppCommands$BaseMultiBuildCommmandCustomizer> (0x00000000ec5963b8) thrown at [/HUDSON/workspace/8-2-build-linux-amd64/jdk8u91/6644/hotspot/src/share/vm/classfile/systemDictionary.cpp,
Event: 1,677 Thread 0x00007ff7c400a000 Exception <a 'java/lang/ClassNotFoundException': com/sencha/command/app/AppCommands$BuildCommandCustomizer> (0x00000000ec5ca220) thrown at [/HUDSON/workspace/8-2-build-linux-amd64/jdk8u91/6644/hotspot/src/share/vm/classfile/systemDictionary.cpp, line 210]
Event: 1,826 Thread 0x00007ff7c400a000 Implicit null exception at 0x00007ff7b5387bfe to 0x00007ff7b5387f6d
Event: 2,447 Thread 0x00007ff7c4575800 Implicit null exception at 0x00007ff7b5563346 to 0x00007ff7b5563845
Event: 2,447 Thread 0x00007ff7c4575800 Implicit null exception at 0x00007ff7b51d1d73 to 0x00007ff7b51d20e9
Event: 2,460 Thread 0x00007ff7c4575800 Exception <a 'java/lang/ClassNotFoundException': org/apache/tools/ant/helper/DefaultExecutor> (0x00000000ee0e6fa0) thrown at [/HUDSON/workspace/8-2-build-linux-amd64/jdk8u91/6644/hotspot/src/share/vm/classfile/systemDictionary.cpp, line 210]
Event: 2,669 Thread 0x00007ff7c400a000 Exception <a 'java/lang/ClassNotFoundException': org/apache/tools/ant/helper/DefaultExecutor> (0x00000000eae27650) thrown at [/HUDSON/workspace/8-2-build-linux-amd64/jdk8u91/6644/hotspot/src/share/vm/classfile/systemDictionary.cpp, line 210]

Events (10 events):
Event: 3,867 loading class org/mozilla/javascript/NativeJavaClass done
Event: 3,874 Thread 0x00007ff7c400a000 Uncommon trap: trap_request=0xffffff65 fr.pc=0x00007ff7b572d2d8
Event: 3,874 Thread 0x00007ff7c400a000 DEOPT PACKING pc=0x00007ff7b572d2d8 sp=0x00007ff7cd21c5a0
Event: 3,874 Thread 0x00007ff7c400a000 DEOPT UNPACKING pc=0x00007ff7b5005229 sp=0x00007ff7cd21c560 mode 2
Event: 3,874 loading class org/mozilla/javascript/NativeJavaArray
Event: 3,874 loading class org/mozilla/javascript/NativeJavaArray done
Event: 3,875 loading class org/mozilla/javascript/ResolvedOverload
Event: 3,875 loading class org/mozilla/javascript/ResolvedOverload done
Event: 3,877 loading class org/apache/tools/ant/taskdefs/Dirname
Event: 3,877 loading class org/apache/tools/ant/taskdefs/Dirname done


Dynamic libraries:
00400000-00401000 r-xp 00000000 08:06 9187368                            /usr/lib/jvm/java-8-oracle/jre/bin/java
00600000-00601000 rw-p 00000000 08:06 9187368                            /usr/lib/jvm/java-8-oracle/jre/bin/java
00658000-00679000 rw-p 00000000 00:00 0                                  [heap]
c0000000-c5580000 rw-p 00000000 00:00 0 
c5580000-eab00000 ---p 00000000 00:00 0 
eab00000-f3700000 rw-p 00000000 00:00 0 
f3700000-100000000 ---p 00000000 00:00 0 
100000000-100300000 rw-p 00000000 00:00 0 
100300000-140000000 ---p 00000000 00:00 0 
7ff764000000-7ff764021000 rw-p 00000000 00:00 0 
7ff764021000-7ff768000000 ---p 00000000 00:00 0 
7ff76bc00000-7ff76bdc0000 rw-p 00000000 00:00 0 
7ff76bdc0000-7ff76be00000 ---p 00000000 00:00 0 
7ff76be00000-7ff76c000000 rw-p 00000000 00:00 0 
7ff76c000000-7ff76c022000 rw-p 00000000 00:00 0 
7ff76c022000-7ff770000000 ---p 00000000 00:00 0 
7ff770000000-7ff770021000 rw-p 00000000 00:00 0 
7ff770021000-7ff774000000 ---p 00000000 00:00 0 
7ff774000000-7ff774021000 rw-p 00000000 00:00 0 
7ff774021000-7ff778000000 ---p 00000000 00:00 0 
7ff778000000-7ff77834b000 rw-p 00000000 00:00 0 
7ff77834b000-7ff77c000000 ---p 00000000 00:00 0 
7ff77c000000-7ff77c021000 rw-p 00000000 00:00 0 
7ff77c021000-7ff780000000 ---p 00000000 00:00 0 
7ff780000000-7ff780021000 rw-p 00000000 00:00 0 
7ff780021000-7ff784000000 ---p 00000000 00:00 0 
7ff784000000-7ff7845d6000 rw-p 00000000 00:00 0 
7ff7845d6000-7ff788000000 ---p 00000000 00:00 0 
7ff788000000-7ff7885b6000 rw-p 00000000 00:00 0 
7ff7885b6000-7ff78c000000 ---p 00000000 00:00 0 
7ff78c000000-7ff78c021000 rw-p 00000000 00:00 0 
7ff78c021000-7ff790000000 ---p 00000000 00:00 0 
7ff790000000-7ff790600000 rw-p 00000000 00:00 0 
7ff790600000-7ff794000000 ---p 00000000 00:00 0 
7ff794000000-7ff794021000 rw-p 00000000 00:00 0 
7ff794021000-7ff798000000 ---p 00000000 00:00 0 
7ff798000000-7ff798021000 rw-p 00000000 00:00 0 
7ff798021000-7ff79c000000 ---p 00000000 00:00 0 
7ff79c000000-7ff79c021000 rw-p 00000000 00:00 0 
7ff79c021000-7ff7a0000000 ---p 00000000 00:00 0 
7ff7a0000000-7ff7a0021000 rw-p 00000000 00:00 0 
7ff7a0021000-7ff7a4000000 ---p 00000000 00:00 0 
7ff7a4012000-7ff7a4212000 rw-p 00000000 00:00 0 
7ff7a4212000-7ff7a4215000 ---p 00000000 00:00 0 
7ff7a4215000-7ff7a4313000 rw-p 00000000 00:00 0 
7ff7a4313000-7ff7a4316000 ---p 00000000 00:00 0 
7ff7a4316000-7ff7a4414000 rw-p 00000000 00:00 0 
7ff7a4414000-7ff7a4417000 ---p 00000000 00:00 0 
7ff7a4417000-7ff7a4715000 rw-p 00000000 00:00 0 
7ff7a4715000-7ff7a4915000 rw-p 00000000 00:00 0 
7ff7a4915000-7ff7a4b15000 rw-p 00000000 00:00 0 
7ff7a4b15000-7ff7a4b18000 ---p 00000000 00:00 0 
7ff7a4b18000-7ff7a4c16000 rw-p 00000000 00:00 0 
7ff7a4c16000-7ff7a4c27000 r-xp 00000000 08:06 9187625                    /usr/lib/jvm/java-8-oracle/jre/lib/amd64/libnio.so
7ff7a4c27000-7ff7a4e26000 ---p 00011000 08:06 9187625                    /usr/lib/jvm/java-8-oracle/jre/lib/amd64/libnio.so
7ff7a4e26000-7ff7a4e27000 rw-p 00010000 08:06 9187625                    /usr/lib/jvm/java-8-oracle/jre/lib/amd64/libnio.so
7ff7a4e27000-7ff7a5128000 rw-p 00000000 00:00 0 
7ff7a5128000-7ff7a513e000 r-xp 00000000 08:06 9187622                    /usr/lib/jvm/java-8-oracle/jre/lib/amd64/libnet.so
7ff7a513e000-7ff7a533e000 ---p 00016000 08:06 9187622                    /usr/lib/jvm/java-8-oracle/jre/lib/amd64/libnet.so
7ff7a533e000-7ff7a533f000 rw-p 00016000 08:06 9187622                    /usr/lib/jvm/java-8-oracle/jre/lib/amd64/libnet.so
7ff7a533f000-7ff7a5340000 r-xp 00000000 08:06 6423810                    /tmp/libjansi-64-1.9.so
7ff7a5340000-7ff7a553f000 ---p 00001000 08:06 6423810                    /tmp/libjansi-64-1.9.so
7ff7a553f000-7ff7a5540000 rw-p 00000000 08:06 6423810                    /tmp/libjansi-64-1.9.so
7ff7a5540000-7ff7a5543000 ---p 00000000 00:00 0 
7ff7a5543000-7ff7a5641000 rw-p 00000000 00:00 0 
7ff7a5641000-7ff7a6000000 r--p 00000000 08:06 9182196                    /usr/lib/locale/locale-archive
7ff7a6000000-7ff7a8000000 rw-p 00000000 00:00 0 
7ff7a8000000-7ff7a8021000 rw-p 00000000 00:00 0 
7ff7a8021000-7ff7ac000000 ---p 00000000 00:00 0 
7ff7ac000000-7ff7ac021000 rw-p 00000000 00:00 0 
7ff7ac021000-7ff7b0000000 ---p 00000000 00:00 0 
7ff7b0000000-7ff7b0021000 rw-p 00000000 00:00 0 
7ff7b0021000-7ff7b4000000 ---p 00000000 00:00 0 
7ff7b401c000-7ff7b4037000 r--s 001d5000 08:06 9187433                    /usr/lib/jvm/java-8-oracle/jre/lib/ext/nashorn.jar
7ff7b4037000-7ff7b4039000 r--s 00007000 08:06 4852191                    /home/fernando/bin/Sencha/Cmd/6.1.3.42/extensions/sencha-compass/sencha-compass.jar
7ff7b4039000-7ff7b403c000 r--s 00026000 08:06 4066758                    /home/fernando/bin/Sencha/Cmd/6.1.3.42/extensions/sencha-service/sencha-service.jar
7ff7b403c000-7ff7b403e000 r--s 00003000 08:06 4066971                    /home/fernando/bin/Sencha/Cmd/6.1.3.42/extensions/sencha-fashion/sencha-fashion.jar
7ff7b403e000-7ff7b4041000 r--s 0001a000 08:06 9187640                    /usr/lib/jvm/java-8-oracle/jre/lib/jce.jar
7ff7b4041000-7ff7b4045000 r--s 00097000 08:06 9187568                    /usr/lib/jvm/java-8-oracle/jre/lib/jsse.jar
7ff7b4045000-7ff7b404f000 r--s 000d0000 08:06 4066849                    /home/fernando/bin/Sencha/Cmd/6.1.3.42/lib/yuicompressor-2.4.7.jar
7ff7b404f000-7ff7b4057000 r--s 00066000 08:06 4066848                    /home/fernando/bin/Sencha/Cmd/6.1.3.42/lib/velocity-1.7.jar
7ff7b4057000-7ff7b4059000 r--s 00001000 08:06 4066847                    /home/fernando/bin/Sencha/Cmd/6.1.3.42/lib/slf4j-jdk14-1.6.6.jar
7ff7b4059000-7ff7b405b000 r--s 00005000 08:06 4066846                    /home/fernando/bin/Sencha/Cmd/6.1.3.42/lib/slf4j-api-1.7.2.jar
7ff7b405b000-7ff7b405d000 r--s 00005000 08:06 4066845                    /home/fernando/bin/Sencha/Cmd/6.1.3.42/lib/slf4j-api-1.6.6.jar
7ff7b405d000-7ff7b406a000 r--s 00109000 08:06 4066844                    /home/fernando/bin/Sencha/Cmd/6.1.3.42/lib/rhino-1.7R4.jar
7ff7b406a000-7ff7b4070000 r--s 00068000 08:06 4066843                    /home/fernando/bin/Sencha/Cmd/6.1.3.42/lib/protobuf-java-2.4.1.jar
7ff7b4070000-7ff7b4075000 r--s 00054000 08:06 4066842                    /home/fernando/bin/Sencha/Cmd/6.1.3.42/lib/phloc-css-3.4.0.jar
7ff7b4075000-7ff7b409b000 r--s 00163000 08:06 4066841                    /home/fernando/bin/Sencha/Cmd/6.1.3.42/lib/phloc-commons-4.0.1.jar
7ff7b409b000-7ff7b409d000 r--s 00006000 08:06 4066840                    /home/fernando/bin/Sencha/Cmd/6.1.3.42/lib/jsr305-2.0.1.jar
7ff7b409d000-7ff7b409f000 r--s 0000a000 08:06 4066839                    /home/fernando/bin/Sencha/Cmd/6.1.3.42/lib/json-20090211.jar
7ff7b409f000-7ff7b40a3000 r--s 000dc000 08:06 4066838                    /home/fernando/bin/Sencha/Cmd/6.1.3.42/lib/jna-4.1.0.jar
7ff7b40a3000-7ff7b40a4000 r--s 00009000 08:06 4066837                    /home/fernando/bin/Sencha/Cmd/6.1.3.42/lib/jetty-xml-8.1.7.v20120910.jar
7ff7b40a4000-7ff7b40a7000 r--s 00018000 08:06 4066836                    /home/fernando/bin/Sencha/Cmd/6.1.3.42/lib/jetty-webapp-8.1.7.v20120910.jar
7ff7b40a7000-7ff7b40ac000 r--s 00040000 08:06 4066835                    /home/fernando/bin/Sencha/Cmd/6.1.3.42/lib/jetty-util-8.1.7.v20120910.jar
7ff7b40ac000-7ff7b40ae000 r--s 00014000 08:06 4066834                    /home/fernando/bin/Sencha/Cmd/6.1.3.42/lib/jetty-servlets-8.1.7.v20120910.jar
7ff7b40ae000-7ff7b40b0000 r--s 00016000 08:06 4066833                    /home/fernando/bin/Sencha/Cmd/6.1.3.42/lib/jetty-servlet-8.1.7.v20120910.jar
7ff7b40b0000-7ff7b40b6000 r--s 0004d000 08:06 4066832                    /home/fernando/bin/Sencha/Cmd/6.1.3.42/lib/jetty-server-8.1.7.v20120910.jar
7ff7b40b6000-7ff7b40b9000 r--s 00013000 08:06 4066831                    /home/fernando/bin/Sencha/Cmd/6.1.3.42/lib/jetty-security-8.1.7.v20120910.jar
7ff7b40b9000-7ff7b40bc000 r--s 00017000 08:06 4066830                    /home/fernando/bin/Sencha/Cmd/6.1.3.42/lib/jetty-io-8.1.7.v20120910.jar
7ff7b40bc000-7ff7b40be000 r--s 00015000 08:06 4066829                    /home/fernando/bin/Sencha/Cmd/6.1.3.42/lib/jetty-http-8.1.7.v20120910.jar
7ff7b40be000-7ff7b40c0000 r--s 00004000 08:06 4066828                    /home/fernando/bin/Sencha/Cmd/6.1.3.42/lib/jetty-continuation-8.1.7.v20120910.jar
7ff7b40c0000-7ff7b40c2000 r--s 00014000 08:06 4066827                    /home/fernando/bin/Sencha/Cmd/6.1.3.42/lib/jetty-client-8.1.7.v20120910.jar
7ff7b40c2000-7ff7b40c5000 r--s 0002e000 08:06 4066826                    /home/fernando/bin/Sencha/Cmd/6.1.3.42/lib/javax.servlet-3.0.0.v201112011016.jar
7ff7b40c5000-7ff7b40c8000 r--s 00019000 08:06 4066825                    /home/fernando/bin/Sencha/Cmd/6.1.3.42/lib/jarjar-1.1.jar
7ff7b40c8000-7ff7b40ca000 r--s 0001a000 08:06 4066824                    /home/fernando/bin/Sencha/Cmd/6.1.3.42/lib/jansi-1.9.jar
7ff7b40ca000-7ff7b4121000 r--s 008ec000 08:06 4066823                    /home/fernando/bin/Sencha/Cmd/6.1.3.42/lib/icu4j-53.1.jar
7ff7b4121000-7ff7b4123000 r--s 00008000 08:06 4066822                    /home/fernando/bin/Sencha/Cmd/6.1.3.42/lib/httpmime-4.3.6.jar
7ff7b4123000-7ff7b412a000 r--s 0003f000 08:06 4066819                    /home/fernando/bin/Sencha/Cmd/6.1.3.42/lib/httpcore-4.3.3.jar
7ff7b412a000-7ff7b4136000 r--s 00085000 08:06 4066818                    /home/fernando/bin/Sencha/Cmd/6.1.3.42/lib/httpclient-4.3.6.jar
7ff7b4136000-7ff7b4141000 r--s 00096000 08:06 4066817                    /home/fernando/bin/Sencha/Cmd/6.1.3.42/lib/httpclient-4.3.6-sources.jar
7ff7b4141000-7ff7b4156000 r--s 001fb000 08:06 4066816                    /home/fernando/bin/Sencha/Cmd/6.1.3.42/lib/httpclient-4.3.6-javadoc.jar
7ff7b4156000-7ff7b417f000 r--s 001ee000 08:06 4066815                    /home/fernando/bin/Sencha/Cmd/6.1.3.42/lib/guava-14.0.jar
7ff7b417f000-7ff7b4184000 r--s 0002a000 08:06 4066814                    /home/fernando/bin/Sencha/Cmd/6.1.3.42/lib/gson-2.2.4.jar
7ff7b4184000-7ff7b4190000 r--s 00081000 08:06 4066813                    /home/fernando/bin/Sencha/Cmd/6.1.3.42/lib/doxi.jar
7ff7b4190000-7ff7b4194000 r--s 0003c000 08:06 4066811                    /home/fernando/bin/Sencha/Cmd/6.1.3.42/lib/commons-lang-2.4.jar
7ff7b4194000-7ff7b41a2000 r--s 0007f000 08:06 4066809                    /home/fernando/bin/Sencha/Cmd/6.1.3.42/lib/commons-collections-3.2.1.jar
7ff7b41a2000-7ff7b41d4000 r--s 0031c000 08:06 4066807                    /home/fernando/bin/Sencha/Cmd/6.1.3.42/lib/closure-compiler-r2388.jar
7ff7b41d4000-7ff7b41f2000 r--s 001bd000 08:06 4066803                    /home/fernando/bin/Sencha/Cmd/6.1.3.42/lib/ant-1.8.4.jar
7ff7b41f2000-7ff7b41f3000 ---p 00000000 00:00 0 
7ff7b41f3000-7ff7b42f3000 rw-p 00000000 00:00 0 
7ff7b42f3000-7ff7b42f6000 ---p 00000000 00:00 0 
7ff7b42f6000-7ff7b43f4000 rw-p 00000000 00:00 0 
7ff7b43f4000-7ff7b43f7000 ---p 00000000 00:00 0 
7ff7b43f7000-7ff7b44f5000 rw-p 00000000 00:00 0 
7ff7b44f5000-7ff7b44f8000 ---p 00000000 00:00 0 
7ff7b44f8000-7ff7b45f6000 rw-p 00000000 00:00 0 
7ff7b45f6000-7ff7b45f9000 ---p 00000000 00:00 0 
7ff7b45f9000-7ff7b46f7000 rw-p 00000000 00:00 0 
7ff7b46f7000-7ff7b46fa000 ---p 00000000 00:00 0 
7ff7b46fa000-7ff7b47f8000 rw-p 00000000 00:00 0 
7ff7b47f8000-7ff7b47fb000 ---p 00000000 00:00 0 
7ff7b47fb000-7ff7b48f9000 rw-p 00000000 00:00 0 
7ff7b48f9000-7ff7b48fc000 ---p 00000000 00:00 0 
7ff7b48fc000-7ff7b49fa000 rw-p 00000000 00:00 0 
7ff7b49fa000-7ff7b49fb000 ---p 00000000 00:00 0 
7ff7b49fb000-7ff7b5000000 rw-p 00000000 00:00 0 
7ff7b5000000-7ff7b5a00000 rwxp 00000000 00:00 0 
7ff7b5a00000-7ff7c4000000 ---p 00000000 00:00 0 
7ff7c4000000-7ff7c4a0b000 rw-p 00000000 00:00 0 
7ff7c4a0b000-7ff7c8000000 ---p 00000000 00:00 0 
7ff7c8000000-7ff7c8002000 r--s 0001e000 08:06 4066820                    /home/fernando/bin/Sencha/Cmd/6.1.3.42/lib/httpmime-4.3.6-javadoc.jar
7ff7c8002000-7ff7c8006000 r--s 0002a000 08:06 4066810                    /home/fernando/bin/Sencha/Cmd/6.1.3.42/lib/commons-io-2.4.jar
7ff7c8006000-7ff7c800c000 r--s 00033000 08:06 4066808                    /home/fernando/bin/Sencha/Cmd/6.1.3.42/lib/commons-codec-1.6.jar
7ff7c800c000-7ff7c8037000 r--s 00501000 08:06 4066960                    /home/fernando/bin/Sencha/Cmd/6.1.3.42/sencha.jar
7ff7c8037000-7ff7c8053000 r--s 00393000 08:06 9187430                    /usr/lib/jvm/java-8-oracle/jre/lib/ext/cldrdata.jar
7ff7c8053000-7ff7c806e000 r--s 000fa000 08:06 4066981                    /home/fernando/bin/Sencha/Cmd/6.1.3.42/.install4j/i4jruntime.jar
7ff7c806e000-7ff7c8b2a000 rw-p 00000000 00:00 0 
7ff7c8b2a000-7ff7c8d03000 r--s 03d1f000 08:06 9187563                    /usr/lib/jvm/java-8-oracle/jre/lib/rt.jar
7ff7c8d03000-7ff7c9779000 rw-p 00000000 00:00 0 
7ff7c9779000-7ff7c977a000 ---p 00000000 00:00 0 
7ff7c977a000-7ff7c987a000 rw-p 00000000 00:00 0 
7ff7c987a000-7ff7c987b000 ---p 00000000 00:00 0 
7ff7c987b000-7ff7c997b000 rw-p 00000000 00:00 0 
7ff7c997b000-7ff7c997c000 ---p 00000000 00:00 0 
7ff7c997c000-7ff7c9a7c000 rw-p 00000000 00:00 0 
7ff7c9a7c000-7ff7c9a7d000 ---p 00000000 00:00 0 
7ff7c9a7d000-7ff7c9ba8000 rw-p 00000000 00:00 0 
7ff7c9ba8000-7ff7c9cd3000 ---p 00000000 00:00 0 
7ff7c9cd3000-7ff7c9cfe000 rw-p 00000000 00:00 0 
7ff7c9cfe000-7ff7c9e28000 ---p 00000000 00:00 0 
7ff7c9e28000-7ff7c9e6f000 rw-p 00000000 00:00 0 
7ff7c9e6f000-7ff7c9ed3000 ---p 00000000 00:00 0 
7ff7c9ed3000-7ff7c9efc000 rw-p 00000000 00:00 0 
7ff7c9efc000-7ff7ca294000 ---p 00000000 00:00 0 
7ff7ca294000-7ff7ca2ae000 r-xp 00000000 08:06 9187618                    /usr/lib/jvm/java-8-oracle/jre/lib/amd64/libzip.so
7ff7ca2ae000-7ff7ca4ae000 ---p 0001a000 08:06 9187618                    /usr/lib/jvm/java-8-oracle/jre/lib/amd64/libzip.so
7ff7ca4ae000-7ff7ca4af000 rw-p 0001a000 08:06 9187618                    /usr/lib/jvm/java-8-oracle/jre/lib/amd64/libzip.so
7ff7ca4af000-7ff7ca4ba000 r-xp 00000000 08:06 3150365                    /lib/x86_64-linux-gnu/libnss_files-2.23.so
7ff7ca4ba000-7ff7ca6b9000 ---p 0000b000 08:06 3150365                    /lib/x86_64-linux-gnu/libnss_files-2.23.so
7ff7ca6b9000-7ff7ca6ba000 r--p 0000a000 08:06 3150365                    /lib/x86_64-linux-gnu/libnss_files-2.23.so
7ff7ca6ba000-7ff7ca6bb000 rw-p 0000b000 08:06 3150365                    /lib/x86_64-linux-gnu/libnss_files-2.23.so
7ff7ca6bb000-7ff7ca6c1000 rw-p 00000000 00:00 0 
7ff7ca6c1000-7ff7ca6cc000 r-xp 00000000 08:06 3150375                    /lib/x86_64-linux-gnu/libnss_nis-2.23.so
7ff7ca6cc000-7ff7ca8cb000 ---p 0000b000 08:06 3150375                    /lib/x86_64-linux-gnu/libnss_nis-2.23.so
7ff7ca8cb000-7ff7ca8cc000 r--p 0000a000 08:06 3150375                    /lib/x86_64-linux-gnu/libnss_nis-2.23.so
7ff7ca8cc000-7ff7ca8cd000 rw-p 0000b000 08:06 3150375                    /lib/x86_64-linux-gnu/libnss_nis-2.23.so
7ff7ca8cd000-7ff7ca8e3000 r-xp 00000000 08:06 3150359                    /lib/x86_64-linux-gnu/libnsl-2.23.so
7ff7ca8e3000-7ff7caae2000 ---p 00016000 08:06 3150359                    /lib/x86_64-linux-gnu/libnsl-2.23.so
7ff7caae2000-7ff7caae3000 r--p 00015000 08:06 3150359                    /lib/x86_64-linux-gnu/libnsl-2.23.so
7ff7caae3000-7ff7caae4000 rw-p 00016000 08:06 3150359                    /lib/x86_64-linux-gnu/libnsl-2.23.so
7ff7caae4000-7ff7caae6000 rw-p 00000000 00:00 0 
7ff7caae6000-7ff7caaee000 r-xp 00000000 08:06 3150361                    /lib/x86_64-linux-gnu/libnss_compat-2.23.so
7ff7caaee000-7ff7caced000 ---p 00008000 08:06 3150361                    /lib/x86_64-linux-gnu/libnss_compat-2.23.so
7ff7caced000-7ff7cacee000 r--p 00007000 08:06 3150361                    /lib/x86_64-linux-gnu/libnss_compat-2.23.so
7ff7cacee000-7ff7cacef000 rw-p 00008000 08:06 3150361                    /lib/x86_64-linux-gnu/libnss_compat-2.23.so
7ff7cacef000-7ff7cad19000 r-xp 00000000 08:06 9187613                    /usr/lib/jvm/java-8-oracle/jre/lib/amd64/libjava.so
7ff7cad19000-7ff7caf19000 ---p 0002a000 08:06 9187613                    /usr/lib/jvm/java-8-oracle/jre/lib/amd64/libjava.so
7ff7caf19000-7ff7caf1b000 rw-p 0002a000 08:06 9187613                    /usr/lib/jvm/java-8-oracle/jre/lib/amd64/libjava.so
7ff7caf1b000-7ff7caf28000 r-xp 00000000 08:06 9187617                    /usr/lib/jvm/java-8-oracle/jre/lib/amd64/libverify.so
7ff7caf28000-7ff7cb128000 ---p 0000d000 08:06 9187617                    /usr/lib/jvm/java-8-oracle/jre/lib/amd64/libverify.so
7ff7cb128000-7ff7cb12a000 rw-p 0000d000 08:06 9187617                    /usr/lib/jvm/java-8-oracle/jre/lib/amd64/libverify.so
7ff7cb12a000-7ff7cb131000 r-xp 00000000 08:06 3150420                    /lib/x86_64-linux-gnu/librt-2.23.so
7ff7cb131000-7ff7cb330000 ---p 00007000 08:06 3150420                    /lib/x86_64-linux-gnu/librt-2.23.so
7ff7cb330000-7ff7cb331000 r--p 00006000 08:06 3150420                    /lib/x86_64-linux-gnu/librt-2.23.so
7ff7cb331000-7ff7cb332000 rw-p 00007000 08:06 3150420                    /lib/x86_64-linux-gnu/librt-2.23.so
7ff7cb332000-7ff7cb43a000 r-xp 00000000 08:06 3150336                    /lib/x86_64-linux-gnu/libm-2.23.so
7ff7cb43a000-7ff7cb639000 ---p 00108000 08:06 3150336                    /lib/x86_64-linux-gnu/libm-2.23.so
7ff7cb639000-7ff7cb63a000 r--p 00107000 08:06 3150336                    /lib/x86_64-linux-gnu/libm-2.23.so
7ff7cb63a000-7ff7cb63b000 rw-p 00108000 08:06 3150336                    /lib/x86_64-linux-gnu/libm-2.23.so
7ff7cb63b000-7ff7cc2fb000 r-xp 00000000 08:06 9187575                    /usr/lib/jvm/java-8-oracle/jre/lib/amd64/server/libjvm.so
7ff7cc2fb000-7ff7cc4fb000 ---p 00cc0000 08:06 9187575                    /usr/lib/jvm/java-8-oracle/jre/lib/amd64/server/libjvm.so
7ff7cc4fb000-7ff7cc5d3000 rw-p 00cc0000 08:06 9187575                    /usr/lib/jvm/java-8-oracle/jre/lib/amd64/server/libjvm.so
7ff7cc5d3000-7ff7cc61e000 rw-p 00000000 00:00 0 
7ff7cc61e000-7ff7cc7de000 r-xp 00000000 08:06 3150266                    /lib/x86_64-linux-gnu/libc-2.23.so
7ff7cc7de000-7ff7cc9dd000 ---p 001c0000 08:06 3150266                    /lib/x86_64-linux-gnu/libc-2.23.so
7ff7cc9dd000-7ff7cc9e1000 r--p 001bf000 08:06 3150266                    /lib/x86_64-linux-gnu/libc-2.23.so
7ff7cc9e1000-7ff7cc9e3000 rw-p 001c3000 08:06 3150266                    /lib/x86_64-linux-gnu/libc-2.23.so
7ff7cc9e3000-7ff7cc9e7000 rw-p 00000000 00:00 0 
7ff7cc9e7000-7ff7cc9ea000 r-xp 00000000 08:06 3150290                    /lib/x86_64-linux-gnu/libdl-2.23.so
7ff7cc9ea000-7ff7ccbe9000 ---p 00003000 08:06 3150290                    /lib/x86_64-linux-gnu/libdl-2.23.so
7ff7ccbe9000-7ff7ccbea000 r--p 00002000 08:06 3150290                    /lib/x86_64-linux-gnu/libdl-2.23.so
7ff7ccbea000-7ff7ccbeb000 rw-p 00003000 08:06 3150290                    /lib/x86_64-linux-gnu/libdl-2.23.so
7ff7ccbeb000-7ff7ccc00000 r-xp 00000000 08:06 9187636                    /usr/lib/jvm/java-8-oracle/jre/lib/amd64/jli/libjli.so
7ff7ccc00000-7ff7cce00000 ---p 00015000 08:06 9187636                    /usr/lib/jvm/java-8-oracle/jre/lib/amd64/jli/libjli.so
7ff7cce00000-7ff7cce01000 rw-p 00015000 08:06 9187636                    /usr/lib/jvm/java-8-oracle/jre/lib/amd64/jli/libjli.so
7ff7cce01000-7ff7cce19000 r-xp 00000000 08:06 3150412                    /lib/x86_64-linux-gnu/libpthread-2.23.so
7ff7cce19000-7ff7cd018000 ---p 00018000 08:06 3150412                    /lib/x86_64-linux-gnu/libpthread-2.23.so
7ff7cd018000-7ff7cd019000 r--p 00017000 08:06 3150412                    /lib/x86_64-linux-gnu/libpthread-2.23.so
7ff7cd019000-7ff7cd01a000 rw-p 00018000 08:06 3150412                    /lib/x86_64-linux-gnu/libpthread-2.23.so
7ff7cd01a000-7ff7cd01e000 rw-p 00000000 00:00 0 
7ff7cd01e000-7ff7cd044000 r-xp 00000000 08:06 3150238                    /lib/x86_64-linux-gnu/ld-2.23.so
7ff7cd044000-7ff7cd046000 r--s 0000e000 08:06 4066812                    /home/fernando/bin/Sencha/Cmd/6.1.3.42/lib/commons-logging-1.1.3.jar
7ff7cd046000-7ff7cd048000 r--s 0000c000 08:06 4066806                    /home/fernando/bin/Sencha/Cmd/6.1.3.42/lib/args4j-2.0.16.jar
7ff7cd048000-7ff7cd121000 rw-p 00000000 00:00 0 
7ff7cd121000-7ff7cd124000 ---p 00000000 00:00 0 
7ff7cd124000-7ff7cd226000 rw-p 00000000 00:00 0 
7ff7cd226000-7ff7cd227000 r--s 00008000 08:06 4066821                    /home/fernando/bin/Sencha/Cmd/6.1.3.42/lib/httpmime-4.3.6-sources.jar
7ff7cd227000-7ff7cd228000 r--s 00004000 08:06 4066805                    /home/fernando/bin/Sencha/Cmd/6.1.3.42/lib/ant-launcher-1.8.4.jar
7ff7cd228000-7ff7cd22d000 r--s 00032000 08:06 4066804                    /home/fernando/bin/Sencha/Cmd/6.1.3.42/lib/ant-contrib-1.0b3.jar
7ff7cd22d000-7ff7cd237000 r--s 00116000 08:06 9187437                    /usr/lib/jvm/java-8-oracle/jre/lib/ext/localedata.jar
7ff7cd237000-7ff7cd23f000 rw-s 00000000 08:06 6423059                    /tmp/hsperfdata_fernando/18483
7ff7cd23f000-7ff7cd240000 rw-p 00000000 00:00 0 
7ff7cd240000-7ff7cd241000 r--p 00000000 00:00 0 
7ff7cd241000-7ff7cd243000 rw-p 00000000 00:00 0 
7ff7cd243000-7ff7cd244000 r--p 00025000 08:06 3150238                    /lib/x86_64-linux-gnu/ld-2.23.so
7ff7cd244000-7ff7cd245000 rw-p 00026000 08:06 3150238                    /lib/x86_64-linux-gnu/ld-2.23.so
7ff7cd245000-7ff7cd246000 rw-p 00000000 00:00 0 
7ffdc80e8000-7ffdc810a000 rw-p 00000000 00:00 0                          [stack]
7ffdc818a000-7ffdc818c000 r--p 00000000 00:00 0                          [vvar]
7ffdc818c000-7ffdc818e000 r-xp 00000000 00:00 0                          [vdso]
ffffffffff600000-ffffffffff601000 r-xp 00000000 00:00 0                  [vsyscall]

VM Arguments:
jvm_args: -Dinstall4j.jvmDir=/usr/lib/jvm/java-8-oracle/jre -Dexe4j.moduleName=/home/fernando/bin/Sencha/Cmd/6.1.3.42/sencha -Dinstall4j.launcherId=159 -Dinstall4j.swt=false -Di4jv=0 -Di4jv=0 -Di4jv=0 -Di4jv=0 -Di4jv=0 -Xms128m -Xmx1024m -Dapple.awt.UIElement=true -Di4j.vpt=true 
java_command: com.install4j.runtime.launcher.UnixLauncher launch 6b5f63d9   com.sencha.command.Sencha app build
java_class_path (initial): /home/fernando/bin/Sencha/Cmd/6.1.3.42/.install4j/i4jruntime.jar:/home/fernando/bin/Sencha/Cmd/6.1.3.42/sencha.jar
Launcher Type: SUN_STANDARD

Environment Variables:
PATH=/home/fernando/bin/Sencha/Cmd/6.1.3.42/..:/home/fernando/bin:/usr/local/sbin:/usr/local/bin:/usr/sbin:/usr/bin:/sbin:/bin:/usr/games:/usr/local/games:/snap/bin
SHELL=/bin/bash
DISPLAY=:0

Signal Handlers:
SIGSEGV: [libjvm.so+0xabca10], sa_mask[0]=11111111011111111101111111111110, sa_flags=SA_RESTART|SA_SIGINFO
SIGBUS: [libjvm.so+0xabca10], sa_mask[0]=11111111011111111101111111111110, sa_flags=SA_RESTART|SA_SIGINFO
SIGFPE: [libjvm.so+0x919a20], sa_mask[0]=11111111011111111101111111111110, sa_flags=SA_RESTART|SA_SIGINFO
SIGPIPE: [libjvm.so+0x919a20], sa_mask[0]=11111111011111111101111111111110, sa_flags=SA_RESTART|SA_SIGINFO
SIGXFSZ: [libjvm.so+0x919a20], sa_mask[0]=11111111011111111101111111111110, sa_flags=SA_RESTART|SA_SIGINFO
SIGILL: [libjvm.so+0x919a20], sa_mask[0]=11111111011111111101111111111110, sa_flags=SA_RESTART|SA_SIGINFO
SIGUSR1: SIG_DFL, sa_mask[0]=00000000000000000000000000000000, sa_flags=none
SIGUSR2: [libjvm.so+0x91b050], sa_mask[0]=00000000000000000000000000000000, sa_flags=SA_RESTART|SA_SIGINFO
SIGHUP: [libjvm.so+0x91c450], sa_mask[0]=11111111011111111101111111111110, sa_flags=SA_RESTART|SA_SIGINFO
SIGINT: [libjvm.so+0x91c450], sa_mask[0]=11111111011111111101111111111110, sa_flags=SA_RESTART|SA_SIGINFO
SIGTERM: [libjvm.so+0x91c450], sa_mask[0]=11111111011111111101111111111110, sa_flags=SA_RESTART|SA_SIGINFO
SIGQUIT: [libjvm.so+0x91c450], sa_mask[0]=11111111011111111101111111111110, sa_flags=SA_RESTART|SA_SIGINFO


---------------  S Y S T E M  ---------------

OS:DISTRIB_ID=Ubuntu
DISTRIB_RELEASE=16.04
DISTRIB_CODENAME=xenial
DISTRIB_DESCRIPTION="Ubuntu 16.04.1 LTS"

uname:Linux 4.4.0-31-generic #50-Ubuntu SMP Wed Jul 13 00:07:12 UTC 2016 x86_64
libc:glibc 2.23 NPTL 2.23 
rlimit: STACK 8192k, CORE 0k, NPROC 30406, NOFILE 65536, AS infinity
load average:7,71 2,58 1,86

/proc/meminfo:
MemTotal:        7871496 kB
MemFree:         1694076 kB
MemAvailable:    2739144 kB
Buffers:           86568 kB
Cached:          1375512 kB
SwapCached:         8304 kB
Active:          4452100 kB
Inactive:        1279048 kB
Active(anon):    3882528 kB
Inactive(anon):   683944 kB
Active(file):     569572 kB
Inactive(file):   595104 kB
Unevictable:         152 kB
Mlocked:             152 kB
SwapTotal:        131068 kB
SwapFree:          19716 kB
Dirty:             36860 kB
Writeback:             0 kB
AnonPages:       4260888 kB
Mapped:           564492 kB
Shmem:            297404 kB
Slab:             238800 kB
SReclaimable:     186300 kB
SUnreclaim:        52500 kB
KernelStack:       13664 kB
PageTables:        67432 kB
NFS_Unstable:          0 kB
Bounce:                0 kB
WritebackTmp:          0 kB
CommitLimit:     4066816 kB
Committed_AS:   14479976 kB
VmallocTotal:   34359738367 kB
VmallocUsed:           0 kB
VmallocChunk:          0 kB
HardwareCorrupted:     0 kB
AnonHugePages:   1146880 kB
CmaTotal:              0 kB
CmaFree:               0 kB
HugePages_Total:       0
HugePages_Free:        0
HugePages_Rsvd:        0
HugePages_Surp:        0
Hugepagesize:       2048 kB
DirectMap4k:      280500 kB
DirectMap2M:     7802880 kB


CPU:total 4 (2 cores per cpu, 2 threads per core) family 6 model 58 stepping 9, cmov, cx8, fxsr, mmx, sse, sse2, sse3, ssse3, sse4.1, sse4.2, popcnt, avx, clmul, erms, ht, tsc, tscinvbit, tscinv

/proc/cpuinfo:
processor	: 0
vendor_id	: GenuineIntel
cpu family	: 6
model		: 58
model name	: Intel(R) Core(TM) i5-3210M CPU @ 2.50GHz
stepping	: 9
microcode	: 0x1c
cpu MHz		: 2900.000
cache size	: 3072 KB
physical id	: 0
siblings	: 4
core id		: 0
cpu cores	: 2
apicid		: 0
initial apicid	: 0
fpu		: yes
fpu_exception	: yes
cpuid level	: 13
wp		: yes
flags		: fpu vme de pse tsc msr pae mce cx8 apic sep mtrr pge mca cmov pat pse36 clflush dts acpi mmx fxsr sse sse2 ss ht tm pbe syscall nx rdtscp lm constant_tsc arch_perfmon pebs bts rep_good nopl xtopology nonstop_tsc aperfmperf eagerfpu pni pclmulqdq dtes64 monitor ds_cpl vmx est tm2 ssse3 cx16 xtpr pdcm pcid sse4_1 sse4_2 x2apic popcnt tsc_deadline_timer xsave avx f16c rdrand lahf_lm epb tpr_shadow vnmi flexpriority ept vpid fsgsbase smep erms xsaveopt dtherm ida arat pln pts
bugs		:
bogomips	: 4988.60
clflush size	: 64
cache_alignment	: 64
address sizes	: 36 bits physical, 48 bits virtual
power management:

processor	: 1
vendor_id	: GenuineIntel
cpu family	: 6
model		: 58
model name	: Intel(R) Core(TM) i5-3210M CPU @ 2.50GHz
stepping	: 9
microcode	: 0x1c
cpu MHz		: 2900.000
cache size	: 3072 KB
physical id	: 0
siblings	: 4
core id		: 0
cpu cores	: 2
apicid		: 1
initial apicid	: 1
fpu		: yes
fpu_exception	: yes
cpuid level	: 13
wp		: yes
flags		: fpu vme de pse tsc msr pae mce cx8 apic sep mtrr pge mca cmov pat pse36 clflush dts acpi mmx fxsr sse sse2 ss ht tm pbe syscall nx rdtscp lm constant_tsc arch_perfmon pebs bts rep_good nopl xtopology nonstop_tsc aperfmperf eagerfpu pni pclmulqdq dtes64 monitor ds_cpl vmx est tm2 ssse3 cx16 xtpr pdcm pcid sse4_1 sse4_2 x2apic popcnt tsc_deadline_timer xsave avx f16c rdrand lahf_lm epb tpr_shadow vnmi flexpriority ept vpid fsgsbase smep erms xsaveopt dtherm ida arat pln pts
bugs		:
bogomips	: 4988.60
clflush size	: 64
cache_alignment	: 64
address sizes	: 36 bits physical, 48 bits virtual
power management:

processor	: 2
vendor_id	: GenuineIntel
cpu family	: 6
model		: 58
model name	: Intel(R) Core(TM) i5-3210M CPU @ 2.50GHz
stepping	: 9
microcode	: 0x1c
cpu MHz		: 2899.902
cache size	: 3072 KB
physical id	: 0
siblings	: 4
core id		: 1
cpu cores	: 2
apicid		: 2
initial apicid	: 2
fpu		: yes
fpu_exception	: yes
cpuid level	: 13
wp		: yes
flags		: fpu vme de pse tsc msr pae mce cx8 apic sep mtrr pge mca cmov pat pse36 clflush dts acpi mmx fxsr sse sse2 ss ht tm pbe syscall nx rdtscp lm constant_tsc arch_perfmon pebs bts rep_good nopl xtopology nonstop_tsc aperfmperf eagerfpu pni pclmulqdq dtes64 monitor ds_cpl vmx est tm2 ssse3 cx16 xtpr pdcm pcid sse4_1 sse4_2 x2apic popcnt tsc_deadline_timer xsave avx f16c rdrand lahf_lm epb tpr_shadow vnmi flexpriority ept vpid fsgsbase smep erms xsaveopt dtherm ida arat pln pts
bugs		:
bogomips	: 4988.60
clflush size	: 64
cache_alignment	: 64
address sizes	: 36 bits physical, 48 bits virtual
power management:

processor	: 3
vendor_id	: GenuineIntel
cpu family	: 6
model		: 58
model name	: Intel(R) Core(TM) i5-3210M CPU @ 2.50GHz
stepping	: 9
microcode	: 0x1c
cpu MHz		: 2899.902
cache size	: 3072 KB
physical id	: 0
siblings	: 4
core id		: 1
cpu cores	: 2
apicid		: 3
initial apicid	: 3
fpu		: yes
fpu_exception	: yes
cpuid level	: 13
wp		: yes
flags		: fpu vme de pse tsc msr pae mce cx8 apic sep mtrr pge mca cmov pat pse36 clflush dts acpi mmx fxsr sse sse2 ss ht tm pbe syscall nx rdtscp lm constant_tsc arch_perfmon pebs bts rep_good nopl xtopology nonstop_tsc aperfmperf eagerfpu pni pclmulqdq dtes64 monitor ds_cpl vmx est tm2 ssse3 cx16 xtpr pdcm pcid sse4_1 sse4_2 x2apic popcnt tsc_deadline_timer xsave avx f16c rdrand lahf_lm epb tpr_shadow vnmi flexpriority ept vpid fsgsbase smep erms xsaveopt dtherm ida arat pln pts
bugs		:
bogomips	: 4988.60
clflush size	: 64
cache_alignment	: 64
address sizes	: 36 bits physical, 48 bits virtual
power management:



Memory: 4k page, physical 7871496k(1694076k free), swap 131068k(19716k free)

vm_info: Java HotSpot(TM) 64-Bit Server VM (25.91-b14) for linux-amd64 JRE (1.8.0_91-b14), built on Apr  1 2016 00:57:21 by "java_re" with gcc 4.3.0 20080428 (Red Hat 4.3.0-8)

time: Thu Jul 21 15:42:54 2016
elapsed time: 3 seconds (0d 0h 0m 3s)

